<?xml version="1.0" encoding="UTF-8"?>
<!-- Generated by org.testng.reporters.JUnitXMLReporter -->
<testsuite hostname="lenovo" ignored="0" name="Surefire test" tests="5" failures="0" timestamp="2021-09-01T16:52:27 IST" time="15.343" errors="0">
  <testcase name="ShouldNotBeAbleToCreateAPlaylistWithExpiredToken" time="10.213" classname="com.spotify.oauth2.tests.PlaylistTests"/>
  <testcase name="ShouldNotBeAbleToCreateAPlaylistWithName" time="13.547" classname="com.spotify.oauth2.tests.PlaylistTests"/>
  <testcase name="ShouldBeAbleToUpdateAPlaylist" time="13.628" classname="com.spotify.oauth2.tests.PlaylistTests"/>
  <testcase name="ShouldBeAbleToCreateAPlaylist" time="14.69" classname="com.spotify.oauth2.tests.PlaylistTests"/>
  <testcase name="ShouldBeAbleToGetAPlaylist" time="14.874" classname="com.spotify.oauth2.tests.PlaylistTests"/>
</testsuite> <!-- Surefire test -->
