<?xml version="1.0" encoding="UTF-8"?>
<testng-results skipped="0" failed="0" ignored="0" total="5" passed="5">
  <reporter-output>
  </reporter-output>
  <suite name="Surefire suite" duration-ms="15343" started-at="2021-09-01T16:52:12 IST" finished-at="2021-09-01T16:52:27 IST">
    <groups>
    </groups>
    <test name="Surefire test" duration-ms="15343" started-at="2021-09-01T16:52:12 IST" finished-at="2021-09-01T16:52:27 IST">
      <class name="com.spotify.oauth2.tests.PlaylistTests">
        <test-method status="PASS" signature="beforeMethod(java.lang.reflect.Method)[pri:0, instance:com.spotify.oauth2.tests.PlaylistTests@e044b4a]" name="beforeMethod" is-config="true" duration-ms="41" started-at="2021-09-01T16:52:12 IST" finished-at="2021-09-01T16:52:12 IST">
          <params>
            <param index="0">
              <value>
                <![CDATA[public void com.spotify.oauth2.tests.PlaylistTests.ShouldNotBeAbleToCreateAPlaylistWithName()]]>
              </value>
            </param>
          </params>
          <reporter-output>
          </reporter-output>
        </test-method> <!-- beforeMethod -->
        <test-method status="PASS" signature="beforeMethod(java.lang.reflect.Method)[pri:0, instance:com.spotify.oauth2.tests.PlaylistTests@e044b4a]" name="beforeMethod" is-config="true" duration-ms="43" started-at="2021-09-01T16:52:12 IST" finished-at="2021-09-01T16:52:12 IST">
          <params>
            <param index="0">
              <value>
                <![CDATA[public void com.spotify.oauth2.tests.PlaylistTests.ShouldBeAbleToGetAPlaylist()]]>
              </value>
            </param>
          </params>
          <reporter-output>
          </reporter-output>
        </test-method> <!-- beforeMethod -->
        <test-method status="PASS" signature="beforeMethod(java.lang.reflect.Method)[pri:0, instance:com.spotify.oauth2.tests.PlaylistTests@e044b4a]" name="beforeMethod" is-config="true" duration-ms="42" started-at="2021-09-01T16:52:12 IST" finished-at="2021-09-01T16:52:12 IST">
          <params>
            <param index="0">
              <value>
                <![CDATA[public void com.spotify.oauth2.tests.PlaylistTests.ShouldBeAbleToCreateAPlaylist()]]>
              </value>
            </param>
          </params>
          <reporter-output>
          </reporter-output>
        </test-method> <!-- beforeMethod -->
        <test-method status="PASS" signature="beforeMethod(java.lang.reflect.Method)[pri:0, instance:com.spotify.oauth2.tests.PlaylistTests@e044b4a]" name="beforeMethod" is-config="true" duration-ms="36" started-at="2021-09-01T16:52:12 IST" finished-at="2021-09-01T16:52:12 IST">
          <params>
            <param index="0">
              <value>
                <![CDATA[public void com.spotify.oauth2.tests.PlaylistTests.ShouldBeAbleToUpdateAPlaylist()]]>
              </value>
            </param>
          </params>
          <reporter-output>
          </reporter-output>
        </test-method> <!-- beforeMethod -->
        <test-method status="PASS" signature="beforeMethod(java.lang.reflect.Method)[pri:0, instance:com.spotify.oauth2.tests.PlaylistTests@e044b4a]" name="beforeMethod" is-config="true" duration-ms="34" started-at="2021-09-01T16:52:12 IST" finished-at="2021-09-01T16:52:12 IST">
          <params>
            <param index="0">
              <value>
                <![CDATA[public void com.spotify.oauth2.tests.PlaylistTests.ShouldNotBeAbleToCreateAPlaylistWithExpiredToken()]]>
              </value>
            </param>
          </params>
          <reporter-output>
          </reporter-output>
        </test-method> <!-- beforeMethod -->
        <test-method status="PASS" signature="ShouldNotBeAbleToCreateAPlaylistWithName()[pri:0, instance:com.spotify.oauth2.tests.PlaylistTests@e044b4a]" name="ShouldNotBeAbleToCreateAPlaylistWithName" duration-ms="13547" started-at="2021-09-01T16:52:12 IST" finished-at="2021-09-01T16:52:26 IST">
          <reporter-output>
          </reporter-output>
        </test-method> <!-- ShouldNotBeAbleToCreateAPlaylistWithName -->
        <test-method status="PASS" signature="ShouldNotBeAbleToCreateAPlaylistWithExpiredToken()[pri:0, instance:com.spotify.oauth2.tests.PlaylistTests@e044b4a]" name="ShouldNotBeAbleToCreateAPlaylistWithExpiredToken" duration-ms="10213" started-at="2021-09-01T16:52:12 IST" finished-at="2021-09-01T16:52:23 IST">
          <reporter-output>
          </reporter-output>
        </test-method> <!-- ShouldNotBeAbleToCreateAPlaylistWithExpiredToken -->
        <test-method status="PASS" signature="ShouldBeAbleToGetAPlaylist()[pri:0, instance:com.spotify.oauth2.tests.PlaylistTests@e044b4a]" name="ShouldBeAbleToGetAPlaylist" duration-ms="14874" started-at="2021-09-01T16:52:12 IST" finished-at="2021-09-01T16:52:27 IST">
          <reporter-output>
          </reporter-output>
        </test-method> <!-- ShouldBeAbleToGetAPlaylist -->
        <test-method status="PASS" signature="ShouldBeAbleToUpdateAPlaylist()[pri:0, instance:com.spotify.oauth2.tests.PlaylistTests@e044b4a]" name="ShouldBeAbleToUpdateAPlaylist" duration-ms="13628" started-at="2021-09-01T16:52:12 IST" finished-at="2021-09-01T16:52:26 IST">
          <reporter-output>
          </reporter-output>
        </test-method> <!-- ShouldBeAbleToUpdateAPlaylist -->
        <test-method status="PASS" signature="ShouldBeAbleToCreateAPlaylist()[pri:0, instance:com.spotify.oauth2.tests.PlaylistTests@e044b4a]" name="ShouldBeAbleToCreateAPlaylist" duration-ms="14690" started-at="2021-09-01T16:52:12 IST" description="should be able to create a playlist" finished-at="2021-09-01T16:52:27 IST">
          <reporter-output>
          </reporter-output>
        </test-method> <!-- ShouldBeAbleToCreateAPlaylist -->
      </class> <!-- com.spotify.oauth2.tests.PlaylistTests -->
    </test> <!-- Surefire test -->
  </suite> <!-- Surefire suite -->
</testng-results>
