<?xml version="1.0" encoding="UTF-8"?>
<testsuite xmlns:xsi="http://www.w3.org/2001/XMLSchema-instance" xsi:noNamespaceSchemaLocation="https://maven.apache.org/surefire/maven-surefire-plugin/xsd/surefire-test-report-3.0.xsd" version="3.0" name="TestSuite" time="20.281" tests="5" errors="0" skipped="0" failures="0">
  <properties>
[...]
</properties>
  <testcase name="ShouldNotBeAbleToCreateAPlaylistWithExpiredToken" classname="com.spotify.oauth2.tests.PlaylistTests" time="12.431">
    <system-out><![CDATA[Starting Test ShouldNotBeAbleToCreateAPlaylistWithExpiredToken
Thread ID 16
Starting Test ShouldBeAbleToUpdateAPlaylist
Thread ID 15
Starting Test ShouldNotBeAbleToCreateAPlaylistWithName
Thread ID 17
Starting Test ShouldBeAbleToCreateAPlaylist
Thread ID 13
Starting Test ShouldBeAbleToGetAPlaylist
Thread ID 14
Renewing Token ....
Request method:	POST
Request URI:	https://accounts.spotify.com/api/token
Proxy:			<none>
Request params:	<none>
Query params:	<none>
Form params:	refresh_token=AQDE0N4MaFQs3ORus5KglzPjutZ8j9uEmJwQaJJQ5F2hmCaaI5oQ6h11rDZPCNxhB3xuXmop3M0i85isLUNZ2Jbmcq7iCs8zWZwhg0z1QeS8-GN7ADcFTUSZ3ikFl2Hskgc
				grant_type=refresh_token
				client_secret=291d5e7680584ea3a69d95b40fd4afe6
				client_id=3a80ee971a8c44229cf0e7e117c9deb1
Path params:	<none>
Headers:		Accept=*/*
				Content-Type=application/x-www-form-urlencoded; charset=ISO-8859-1
Cookies:		<none>
Multiparts:		<none>
Body:			<none>
Request method:	POST
Request URI:	https://api.spotify.com/v1/users/1forp5n7125hz6f766bkn7rtl/playlists
Proxy:			<none>
Request params:	<none>
Query params:	<none>
Form params:	<none>
Path params:	<none>
Headers:		Accept=*/*
				Content-Type=application/json
Cookies:		<none>
Multiparts:		<none>
Body:
{
    "description": "Description +___#+3y&#D+_x5P&+&#&#&#u4++m+__7WJ+#6_1#4#.#&LM&#",
    "name": "Playlist Oh1w,7_V o54_-v_ ,5o",
    "public": false
}
HTTP/1.1 401 Unauthorized
www-authenticate: Bearer realm="spotify", error="invalid_token", error_description="Invalid access token"
access-control-allow-origin: *
access-control-allow-headers: Accept, App-Platform, Authorization, Content-Type, Origin, Retry-After, Spotify-App-Version, X-Cloud-Trace-Context, client-token, content-access-token
access-control-allow-methods: GET, POST, OPTIONS, PUT, DELETE, PATCH
access-control-allow-credentials: true
access-control-max-age: 604800
content-type: application/json
content-encoding: gzip
strict-transport-security: max-age=31536000
x-content-type-options: nosniff
date: Wed, 01 Sep 2021 11:22:18 GMT
server: envoy
Via: HTTP/2 edgeproxy, 1.1 google
Alt-Svc: clear
Transfer-Encoding: chunked

{
    "error": {
        "status": 401,
        "message": "Invalid access token"
    }
}
HTTP/1.1 200 OK
date: Wed, 01 Sep 2021 11:22:18 GMT
content-type: application/json
vary: Accept-Encoding
set-cookie: __Host-device_id=AQDSXueV5KgR4L8V0W59NuVgzuQ_SCbCYyh-gxX_2R2tez70ePwROcNKc5eIc650z9i-mYJawwdmkt9Ay3pdWoXkTh15P9UFZKg;Version=1;Path=/;Max-Age=2147483647;Secure;HttpOnly;SameSite=Lax
set-cookie: sp_tr=false;Version=1;Domain=accounts.spotify.com;Path=/;Secure;SameSite=Lax
sp-trace-id: 63942ab863458ba4
content-encoding: gzip
strict-transport-security: max-age=31536000
x-content-type-options: nosniff
server: envoy
Via: HTTP/2 edgeproxy, 1.1 google
Alt-Svc: clear
Transfer-Encoding: chunked

{
    "access_token": "BQCocL15Sz-lLhZSsOfF1E2idI_u0q1jQ6KZMKVJgZs0nZziWFalM-WM4IJ-2dQ96uWDc-ZMeLz1ap8uRo4Gl8adxxbo_HpuEwDoNx5y3k4uuPVT4tVN2PXrcN89KVs3XFnPOYLNr680pqbtPOjsQP2tC8yg5urKUuiUwnQWRoeNOvjCYGPQhtJEqXnZ7BUEPiPtwL1GZ_OS9vMB0URrM6WMYdaAtO0YFGFpm2Uz10NB",
    "token_type": "Bearer",
    "expires_in": 3600,
    "scope": "playlist-read-private playlist-read-collaborative playlist-modify-private playlist-modify-public"
}
]]></system-out>
    <system-err><![CDATA[SLF4J: Failed to load class "org.slf4j.impl.StaticLoggerBinder".
SLF4J: Defaulting to no-operation (NOP) logger implementation
SLF4J: See http://www.slf4j.org/codes.html#StaticLoggerBinder for further details.
]]></system-err>
  </testcase>
  <testcase name="ShouldNotBeAbleToCreateAPlaylistWithName" classname="com.spotify.oauth2.tests.PlaylistTests" time="15.745">
    <system-out><![CDATA[Token is good to use
Token is good to use
Token is good to use
Request method:	GET
Request URI:	https://api.spotify.com/v1/playlists/2a54XZ3A2rmfe0kYDpvpB2
Proxy:			<none>
Request params:	<none>
Query params:	<none>
Form params:	<none>
Path params:	<none>
Headers:		Accept=*/*
				Content-Type=application/json
Cookies:		<none>
Multiparts:		<none>
Body:			<none>
Request method:	POST
Request URI:	https://api.spotify.com/v1/users/1forp5n7125hz6f766bkn7rtl/playlists
Proxy:			<none>
Request params:	<none>
Query params:	<none>
Form params:	<none>
Path params:	<none>
Headers:		Accept=*/*
				Content-Type=application/json
Cookies:		<none>
Multiparts:		<none>
Body:
{
    "description": "Description QP+z#w1h5+Ldz@qG#s_+d16#FRQnz#E&+_Bx+#_##5###_IA_&",
    "name": "Playlist ,-no 0X 6__ 7 8- _ V",
    "public": false
}
Request method:	PUT
Request URI:	https://api.spotify.com/v1/playlists/2a54XZ3A2rmfe0kYDpvpB2
Proxy:			<none>
Request params:	<none>
Query params:	<none>
Form params:	<none>
Path params:	<none>
Headers:		Accept=*/*
				Content-Type=application/json
Cookies:		<none>
Multiparts:		<none>
Body:
{
    "description": "Description _W&#15u0K_g/+_#+3_9_&#F+.&#q/l&&3ckl+&U&___&#+#xB#",
    "name": "Playlist , G_mO3  eh,,_Q_O09_",
    "public": false
}
Request method:	POST
Request URI:	https://api.spotify.com/v1/users/1forp5n7125hz6f766bkn7rtl/playlists
Proxy:			<none>
Request params:	<none>
Query params:	<none>
Form params:	<none>
Path params:	<none>
Headers:		Accept=*/*
				Content-Type=application/json
Cookies:		<none>
Multiparts:		<none>
Body:
{
    "description": "Description MB#5#++#_#tM&++f&P#+W++r0c_GLQ+-4&d&&#_+#M7++J_6k4",
    "name": "",
    "public": false
}
HTTP/1.1 400 Bad Request
content-type: application/json; charset=utf-8
cache-control: private, max-age=0
x-robots-tag: noindex, nofollow
access-control-allow-origin: *
access-control-allow-headers: Accept, App-Platform, Authorization, Content-Type, Origin, Retry-After, Spotify-App-Version, X-Cloud-Trace-Context, client-token, content-access-token
access-control-allow-methods: GET, POST, OPTIONS, PUT, DELETE, PATCH
access-control-allow-credentials: true
access-control-max-age: 604800
content-encoding: gzip
strict-transport-security: max-age=31536000
x-content-type-options: nosniff
date: Wed, 01 Sep 2021 11:22:24 GMT
server: envoy
Via: HTTP/2 edgeproxy, 1.1 google
Alt-Svc: clear
Transfer-Encoding: chunked

{
    "error": {
        "status": 400,
        "message": "Missing required field: name"
    }
}
]]></system-out>
  </testcase>
  <testcase name="ShouldBeAbleToUpdateAPlaylist" classname="com.spotify.oauth2.tests.PlaylistTests" time="15.813">
    <system-out><![CDATA[HTTP/1.1 200 OK
cache-control: private, max-age=0
x-robots-tag: noindex, nofollow
access-control-allow-origin: *
access-control-allow-headers: Accept, App-Platform, Authorization, Content-Type, Origin, Retry-After, Spotify-App-Version, X-Cloud-Trace-Context, client-token, content-access-token
access-control-allow-methods: GET, POST, OPTIONS, PUT, DELETE, PATCH
access-control-allow-credentials: true
access-control-max-age: 604800
Content-Length: 0
strict-transport-security: max-age=31536000
x-content-type-options: nosniff
date: Wed, 01 Sep 2021 11:22:24 GMT
server: envoy
Via: HTTP/2 edgeproxy, 1.1 google
Alt-Svc: clear
]]></system-out>
  </testcase>
  <testcase name="ShouldBeAbleToCreateAPlaylist" classname="com.spotify.oauth2.tests.PlaylistTests" time="16.452">
    <system-out><![CDATA[HTTP/1.1 201 Created
content-type: application/json; charset=utf-8
cache-control: private, max-age=0
location: https://api.spotify.com/v1/playlists/4kFjMFC93lJH461Z8YAjkn
x-robots-tag: noindex, nofollow
access-control-allow-origin: *
access-control-allow-headers: Accept, App-Platform, Authorization, Content-Type, Origin, Retry-After, Spotify-App-Version, X-Cloud-Trace-Context, client-token, content-access-token
access-control-allow-methods: GET, POST, OPTIONS, PUT, DELETE, PATCH
access-control-allow-credentials: true
access-control-max-age: 604800
content-encoding: gzip
strict-transport-security: max-age=31536000
x-content-type-options: nosniff
date: Wed, 01 Sep 2021 11:22:24 GMT
server: envoy
Via: HTTP/2 edgeproxy, 1.1 google
Alt-Svc: clear
Transfer-Encoding: chunked

{
    "collaborative": false,
    "description": "Description QP+z#w1h5+Ldz@qG#s_+d16#FRQnz#E&+_Bx+#_##5###_IA_&",
    "external_urls": {
        "spotify": "https://open.spotify.com/playlist/4kFjMFC93lJH461Z8YAjkn"
    },
    "followers": {
        "href": null,
        "total": 0
    },
    "href": "https://api.spotify.com/v1/playlists/4kFjMFC93lJH461Z8YAjkn",
    "id": "4kFjMFC93lJH461Z8YAjkn",
    "images": [
        
    ],
    "name": "Playlist ,-no 0X 6__ 7 8- _ V",
    "owner": {
        "display_name": "samrac",
        "external_urls": {
            "spotify": "https://open.spotify.com/user/1forp5n7125hz6f766bkn7rtl"
        },
        "href": "https://api.spotify.com/v1/users/1forp5n7125hz6f766bkn7rtl",
        "id": "1forp5n7125hz6f766bkn7rtl",
        "type": "user",
        "uri": "spotify:user:1forp5n7125hz6f766bkn7rtl"
    },
    "primary_color": null,
    "public": false,
    "snapshot_id": "MSxkMWFkMzFjYjc0NDE1ZTFlNjI0YTkzMGVjOGJmNDAxZGUzZGY5OWRk",
    "tracks": {
        "href": "https://api.spotify.com/v1/playlists/4kFjMFC93lJH461Z8YAjkn/tracks",
        "items": [
            
        ],
        "limit": 100,
        "next": null,
        "offset": 0,
        "previous": null,
        "total": 0
    },
    "type": "playlist",
    "uri": "spotify:playlist:4kFjMFC93lJH461Z8YAjkn"
}
Token is good to use
HTTP/1.1 200 OK
content-type: application/json; charset=utf-8
cache-control: public, max-age=0
etag: "MC-IjliNjFmZDQ0ZTg3M2YyNTFhYTUxZjk4M2ZjMmY4ZmM2Ig=="
x-robots-tag: noindex, nofollow
access-control-allow-origin: *
access-control-allow-headers: Accept, App-Platform, Authorization, Content-Type, Origin, Retry-After, Spotify-App-Version, X-Cloud-Trace-Context, client-token, content-access-token
access-control-allow-methods: GET, POST, OPTIONS, PUT, DELETE, PATCH
access-control-allow-credentials: true
access-control-max-age: 604800
content-encoding: gzip
strict-transport-security: max-age=31536000
x-content-type-options: nosniff
date: Wed, 01 Sep 2021 11:22:24 GMT
server: envoy
Via: HTTP/2 edgeproxy, 1.1 google
Alt-Svc: clear
Transfer-Encoding: chunked

{
    "collaborative": false,
    "description": "Description _W&amp;#15u0K_g&#x2F;+_#+3_9_&amp;#F+.&amp;#q&#x2F;l&amp;&amp;3ckl+&amp;U&amp;___&amp;#+#xB#",
    "external_urls": {
        "spotify": "https://open.spotify.com/playlist/2a54XZ3A2rmfe0kYDpvpB2"
    },
    "followers": {
        "href": null,
        "total": 0
    },
    "href": "https://api.spotify.com/v1/playlists/2a54XZ3A2rmfe0kYDpvpB2",
    "id": "2a54XZ3A2rmfe0kYDpvpB2",
    "images": [
        
    ],
    "name": "Playlist , G_mO3  eh,,_Q_O09_",
    "owner": {
        "display_name": "samrac",
        "external_urls": {
            "spotify": "https://open.spotify.com/user/1forp5n7125hz6f766bkn7rtl"
        },
        "href": "https://api.spotify.com/v1/users/1forp5n7125hz6f766bkn7rtl",
        "id": "1forp5n7125hz6f766bkn7rtl",
        "type": "user",
        "uri": "spotify:user:1forp5n7125hz6f766bkn7rtl"
    },
    "primary_color": null,
    "public": false,
    "snapshot_id": "MzgsNGU0ZjVhYmE5ZTUyODVjMmNmY2E0NDIwOGNmYWZlNjQwOTlmYmZiNQ==",
    "tracks": {
        "href": "https://api.spotify.com/v1/playlists/2a54XZ3A2rmfe0kYDpvpB2/tracks?offset=0&limit=100",
        "items": [
            
        ],
        "limit": 100,
        "next": null,
        "offset": 0,
        "previous": null,
        "total": 0
    },
    "type": "playlist",
    "uri": "spotify:playlist:2a54XZ3A2rmfe0kYDpvpB2"
}
Request method:	POST
Request URI:	https://api.spotify.com/v1/users/1forp5n7125hz6f766bkn7rtl/playlists
Proxy:			<none>
Request params:	<none>
Query params:	<none>
Form params:	<none>
Path params:	<none>
Headers:		Accept=*/*
				Content-Type=application/json
Cookies:		<none>
Multiparts:		<none>
Body:
{
    "description": "Description QP+z#w1h5+Ldz@qG#s_+d16#FRQnz#E&+_Bx+#_##5###_IA_&",
    "name": "Playlist ,-no 0X 6__ 7 8- _ V",
    "public": false
}
Token is good to use
Request method:	POST
Request URI:	https://api.spotify.com/v1/users/1forp5n7125hz6f766bkn7rtl/playlists
Proxy:			<none>
Request params:	<none>
Query params:	<none>
Form params:	<none>
Path params:	<none>
Headers:		Accept=*/*
				Content-Type=application/json
Cookies:		<none>
Multiparts:		<none>
Body:
{
    "description": "New playlist description",
    "name": "New Playlist",
    "public": false
}
HTTP/1.1 201 Created
content-type: application/json; charset=utf-8
cache-control: private, max-age=0
location: https://api.spotify.com/v1/playlists/0ka3TLxBWr2ibErAcIGtXs
x-robots-tag: noindex, nofollow
access-control-allow-origin: *
access-control-allow-headers: Accept, App-Platform, Authorization, Content-Type, Origin, Retry-After, Spotify-App-Version, X-Cloud-Trace-Context, client-token, content-access-token
access-control-allow-methods: GET, POST, OPTIONS, PUT, DELETE, PATCH
access-control-allow-credentials: true
access-control-max-age: 604800
content-encoding: gzip
strict-transport-security: max-age=31536000
x-content-type-options: nosniff
date: Wed, 01 Sep 2021 11:22:25 GMT
server: envoy
Via: HTTP/2 edgeproxy, 1.1 google
Alt-Svc: clear
Transfer-Encoding: chunked

{
    "collaborative": false,
    "description": "Description QP+z#w1h5+Ldz@qG#s_+d16#FRQnz#E&+_Bx+#_##5###_IA_&",
    "external_urls": {
        "spotify": "https://open.spotify.com/playlist/0ka3TLxBWr2ibErAcIGtXs"
    },
    "followers": {
        "href": null,
        "total": 0
    },
    "href": "https://api.spotify.com/v1/playlists/0ka3TLxBWr2ibErAcIGtXs",
    "id": "0ka3TLxBWr2ibErAcIGtXs",
    "images": [
        
    ],
    "name": "Playlist ,-no 0X 6__ 7 8- _ V",
    "owner": {
        "display_name": "samrac",
        "external_urls": {
            "spotify": "https://open.spotify.com/user/1forp5n7125hz6f766bkn7rtl"
        },
        "href": "https://api.spotify.com/v1/users/1forp5n7125hz6f766bkn7rtl",
        "id": "1forp5n7125hz6f766bkn7rtl",
        "type": "user",
        "uri": "spotify:user:1forp5n7125hz6f766bkn7rtl"
    },
    "primary_color": null,
    "public": false,
    "snapshot_id": "MSw2OTY5YzRiMjZmOWIxZWEzZTY0Y2I3ZDgyYzE1NTEzNzgxOWE3NmM4",
    "tracks": {
        "href": "https://api.spotify.com/v1/playlists/0ka3TLxBWr2ibErAcIGtXs/tracks",
        "items": [
            
        ],
        "limit": 100,
        "next": null,
        "offset": 0,
        "previous": null,
        "total": 0
    },
    "type": "playlist",
    "uri": "spotify:playlist:0ka3TLxBWr2ibErAcIGtXs"
}
]]></system-out>
  </testcase>
  <testcase name="ShouldBeAbleToGetAPlaylist" classname="com.spotify.oauth2.tests.PlaylistTests" time="16.588">
    <system-out><![CDATA[HTTP/1.1 201 Created
content-type: application/json; charset=utf-8
cache-control: private, max-age=0
location: https://api.spotify.com/v1/playlists/24u8tF3F4auc1dN8VPsYgO
x-robots-tag: noindex, nofollow
access-control-allow-origin: *
access-control-allow-headers: Accept, App-Platform, Authorization, Content-Type, Origin, Retry-After, Spotify-App-Version, X-Cloud-Trace-Context, client-token, content-access-token
access-control-allow-methods: GET, POST, OPTIONS, PUT, DELETE, PATCH
access-control-allow-credentials: true
access-control-max-age: 604800
content-encoding: gzip
strict-transport-security: max-age=31536000
x-content-type-options: nosniff
date: Wed, 01 Sep 2021 11:22:25 GMT
server: envoy
Via: HTTP/2 edgeproxy, 1.1 google
Alt-Svc: clear
Transfer-Encoding: chunked

{
    "collaborative": false,
    "description": "New playlist description",
    "external_urls": {
        "spotify": "https://open.spotify.com/playlist/24u8tF3F4auc1dN8VPsYgO"
    },
    "followers": {
        "href": null,
        "total": 0
    },
    "href": "https://api.spotify.com/v1/playlists/24u8tF3F4auc1dN8VPsYgO",
    "id": "24u8tF3F4auc1dN8VPsYgO",
    "images": [
        
    ],
    "name": "New Playlist",
    "owner": {
        "display_name": "samrac",
        "external_urls": {
            "spotify": "https://open.spotify.com/user/1forp5n7125hz6f766bkn7rtl"
        },
        "href": "https://api.spotify.com/v1/users/1forp5n7125hz6f766bkn7rtl",
        "id": "1forp5n7125hz6f766bkn7rtl",
        "type": "user",
        "uri": "spotify:user:1forp5n7125hz6f766bkn7rtl"
    },
    "primary_color": null,
    "public": false,
    "snapshot_id": "MSxkYzIxNmMwNTMwMzgyZjY3OWY3ZTc1MTY0YzkxNDY0YWFlYTg4MzE2",
    "tracks": {
        "href": "https://api.spotify.com/v1/playlists/24u8tF3F4auc1dN8VPsYgO/tracks",
        "items": [
            
        ],
        "limit": 100,
        "next": null,
        "offset": 0,
        "previous": null,
        "total": 0
    },
    "type": "playlist",
    "uri": "spotify:playlist:24u8tF3F4auc1dN8VPsYgO"
}
]]></system-out>
  </testcase>
</testsuite>